Arguments: 
  C:\Program Files\nodejs\node.exe C:\Users\atefa\AppData\Roaming\npm\node_modules\yarn\bin\yarn.js add express multer bodyparser cors

PATH: 
  C:\Ngrok\;C:\Windows\system32;C:\Windows;C:\Windows\System32\Wbem;C:\Windows\System32\WindowsPowerShell\v1.0\;C:\Windows\System32\OpenSSH\;C:\Program Files\Git\cmd;C:\Users\atefa\AppData\Local\Microsoft\WindowsApps;C:\Users\atefa\AppData\Local\Programs\Microsoft VS Code\bin;C:\Users\atefa\AppData\Roaming\npm;C:\adb;C:\Program Files\WireGuard\;C:\WINDOWS\system32;C:\WINDOWS;C:\WINDOWS\System32\Wbem;C:\WINDOWS\System32\WindowsPowerShell\v1.0\;C:\WINDOWS\System32\OpenSSH\;C:\Program Files\nodejs\;C:\Program Files\MongoDB\Server\6.0\bin\;C:\ProgramData\chocolatey\bin;C:\Program Files\dotnet\;C:\Users\atefa\AppData\Local\Programs\oh-my-posh\bin;C:\Users\atefa\AppData\Local\Microsoft\WindowsApps;C:\Users\atefa\AppData\Local\Programs\Microsoft VS Code\bin;C:\Users\atefa\AppData\Roaming\npm;C:\Ngrok;;C:\Users\atefa\AppData\Local\Programs\oh-my-posh\bin

Yarn version: 
  1.22.19

Node version: 
  18.16.1

Platform: 
  win32 x64

Trace: 
  Error: https://registry.yarnpkg.com/bodyparser: Not found
      at params.callback [as _callback] (C:\Users\atefa\AppData\Roaming\npm\node_modules\yarn\lib\cli.js:66145:18)
      at self.callback (C:\Users\atefa\AppData\Roaming\npm\node_modules\yarn\lib\cli.js:140890:22)
      at Request.emit (node:events:513:28)
      at Request.<anonymous> (C:\Users\atefa\AppData\Roaming\npm\node_modules\yarn\lib\cli.js:141862:10)
      at Request.emit (node:events:513:28)
      at IncomingMessage.<anonymous> (C:\Users\atefa\AppData\Roaming\npm\node_modules\yarn\lib\cli.js:141784:12)
      at Object.onceWrapper (node:events:627:28)
      at IncomingMessage.emit (node:events:525:35)
      at endReadableNT (node:internal/streams/readable:1359:12)
      at process.processTicksAndRejections (node:internal/process/task_queues:82:21)

npm manifest: 
  {
    "name": "guardian-tech-server",
    "version": "1.0.0",
    "main": "index.js",
    "license": "MIT"
  }

yarn manifest: 
  No manifest

Lockfile: 
  No lockfile
